<inventory> 
	<junit class="net.adoptopenjdk.stf.MiniJUnitTest" />
</inventory>